<?xml version="1.0" encoding="UTF-8"?>
<testsuite name="TestFrontSpec" tests="1" skipped="0" failures="0" errors="0" timestamp="2025-02-28T18:55:17" hostname="DESKTOP-4NBUQDV" time="6.279">
  <properties/>
  <testcase name="Ejercicio 2" classname="TestFrontSpec" time="6.279"/>
  <system-out><![CDATA[⚙️ Configurando WebDriverManager...
✅ ChromeDriver iniciado correctamente
El primer proceso automático ocurrió en: 1785
Captura de pantalla guardada como 'screenshot.png'
]]>&#x1f6d1;<![CDATA[ Cerrando el navegador
]]></system-out>
  <system-err><![CDATA[SLF4J(W): No SLF4J providers were found.
SLF4J(W): Defaulting to no-operation (NOP) logger implementation
SLF4J(W): See https://www.slf4j.org/codes.html#noProviders for further details.
Starting ChromeDriver 133.0.6943.141 (2a5d6da0d6165d7b107502095a937fe7704fcef6-refs/branch-heads/6943@{#1912}) on port 41855
Only local connections are allowed.
Please see https://chromedriver.chromium.org/security-considerations for suggestions on keeping ChromeDriver safe.
ChromeDriver was started successfully on port 41855.
[1740768918.710][WARNING]: Deprecated chrome option is ignored: useAutomationExtension
[1740768918.710][WARNING]: Deprecated chrome option is ignored: useAutomationExtension
feb. 28, 2025 7:55:19 P. M. org.openqa.selenium.devtools.CdpVersionFinder findNearestMatch
WARNING: Unable to find CDP implementation matching 133
feb. 28, 2025 7:55:19 P. M. org.openqa.selenium.chromium.ChromiumDriver lambda$new$3
WARNING: Unable to find version of CDP to use for . You may need to include a dependency on a specific version of the CDP using something similar to `org.seleniumhq.selenium:selenium-devtools-v86:4.6.0` where the version ("v86") matches the version of the chromium-based browser you're using and the version number of the artifact is the same as Selenium's.
]]></system-err>
</testsuite>
